
> @repo/ui@0.0.0 build-storybook C:\Dev\bass-ui\packages\ui
> storybook build "--output-dir=C:\\Users\\kings\\AppData\\Local\\Temp\\chromatic--4468-E55edj5VSvvL"


[90m┌[39m  Building storybook v10.3.5
[90m│[39m
[32m◇[39m  Cleaning outputDir:
[90m│[39m  [36m../../../../Users/kings/AppData/Local/Temp/chromatic--4468-E55edj5VSvvL[39m
[90m│[39m
[32m◇[39m  Loading presets
[90m│[39m
[32m◇[39m  Building manager..
[90m│[39m
[34m●[39m  Building preview..
[90m│[39m  [43mVite[49m [36mvite v8.0.9 [32mbuilding client environment for production...[36m[39m
[2Ktransforming...✓ 172 modules transformed.
rendering chunks...
computing gzip size...
[90m│[39m  [43mVite[49m
[90m│[39m  ../../../../Users/kings/AppData/Local/Temp/chromatic--4468-E55edj5VSvvL/assets/context-C0qIqeS4.png
[90m│[39m  6.11 kB
[90m│[39m  ../../../../Users/kings/AppData/Local/Temp/chromatic--4468-E55edj5VSvvL/assets/styling-Bk6zjRzU.png
[90m│[39m  7.23 kB
[90m│[39m  ../../../../Users/kings/AppData/Local/Temp/chromatic--4468-E55edj5VSvvL/iframe.html
[90m│[39m  18.86 kB │ gzip:   5.30 kB
[90m│[39m  ../../../../Users/kings/AppData/Local/Temp/chromatic--4468-E55edj5VSvvL/assets/docs---vsFbMi.png
[90m│[39m  27.87 kB
[90m│[39m  ../../../../Users/kings/AppData/Local/Temp/chromatic--4468-E55edj5VSvvL/assets/share-DGA-UcQf.png
[90m│[39m  40.76 kB
[90m│[39m  ../../../../Users/kings/AppData/Local/Temp/chromatic--4468-E55edj5VSvvL/assets/accessibility-W_h2acOZ.png
[90m│[39m  42.33 kB
[90m│[39m  ../../../../Users/kings/AppData/Local/Temp/chromatic--4468-E55edj5VSvvL/assets/figma-plugin-CH2hELiO.png
[90m│[39m  44.24 kB
[90m│[39m  ../../../../Users/kings/AppData/Local/Temp/chromatic--4468-E55edj5VSvvL/assets/theming-D6WJLNoW.png
[90m│[39m  44.37 kB
[90m│[39m  ../../../../Users/kings/AppData/Local/Temp/chromatic--4468-E55edj5VSvvL/assets/testing-cbzR9l9r.png
[90m│[39m  49.31 kB
[90m│[39m  ../../../../Users/kings/AppData/Local/Temp/chromatic--4468-E55edj5VSvvL/assets/addon-library-BWUCAmyN.png
[90m│[39m  467.36 kB
[90m│[39m  ../../../../Users/kings/AppData/Local/Temp/chromatic--4468-E55edj5VSvvL/assets/Header-CzZBVs_w.css
[90m│[39m  0.50 kB │ gzip:   0.29 kB
[90m│[39m  ../../../../Users/kings/AppData/Local/Temp/chromatic--4468-E55edj5VSvvL/assets/Button-C9QAnAgh.css
[90m│[39m  0.51 kB │ gzip:   0.28 kB
[90m│[39m  ../../../../Users/kings/AppData/Local/Temp/chromatic--4468-E55edj5VSvvL/assets/Page-R7v0XIE6.css
[90m│[39m  0.91 kB │ gzip:   0.39 kB
[90m│[39m  ../../../../Users/kings/AppData/Local/Temp/chromatic--4468-E55edj5VSvvL/assets/chunk-CYSK6WYR-RshjljqX.js
[90m│[39m  0.15 kB │ gzip:   0.13 kB
[90m│[39m  ../../../../Users/kings/AppData/Local/Temp/chromatic--4468-E55edj5VSvvL/assets/chunk-242VQQM5-Px-ApVnO.js
[90m│[39m  0.21 kB │ gzip:   0.18 kB
[90m│[39m  ../../../../Users/kings/AppData/Local/Temp/chromatic--4468-E55edj5VSvvL/assets/formatter-EIJCOSYU-BxK4pfzQ.js
[90m│[39m  0.27 kB │ gzip:   0.21 kB
[90m│[39m  ../../../../Users/kings/AppData/Local/Temp/chromatic--4468-E55edj5VSvvL/assets/jsx-runtime-DxP0NviS.js
[90m│[39m  0.42 kB │ gzip:   0.29 kB
[90m│[39m  ../../../../Users/kings/AppData/Local/Temp/chromatic--4468-E55edj5VSvvL/assets/react-Chii7N-X.js
[90m│[39m  0.52 kB │ gzip:   0.32 kB
[90m│[39m  ../../../../Users/kings/AppData/Local/Temp/chromatic--4468-E55edj5VSvvL/assets/Header.stories-DXAHdkGZ.js
[90m│[39m  0.72 kB │ gzip:   0.41 kB
[90m│[39m  ../../../../Users/kings/AppData/Local/Temp/chromatic--4468-E55edj5VSvvL/assets/chunk-A242L54C-R-MTphhe.js
[90m│[39m  0.91 kB │ gzip:   0.53 kB
[90m│[39m  ../../../../Users/kings/AppData/Local/Temp/chromatic--4468-E55edj5VSvvL/assets/chunk-DnJy8xQt.js
[90m│[39m  1.12 kB │ gzip:   0.63 kB
[90m│[39m  ../../../../Users/kings/AppData/Local/Temp/chromatic--4468-E55edj5VSvvL/assets/Button.stories-HYoJcgL0.js
[90m│[39m  1.26 kB │ gzip:   0.51 kB
[90m│[39m  ../../../../Users/kings/AppData/Local/Temp/chromatic--4468-E55edj5VSvvL/assets/preload-helper-DVWkohm0.js
[90m│[39m  1.27 kB │ gzip:   0.74 kB
[90m│[39m  ../../../../Users/kings/AppData/Local/Temp/chromatic--4468-E55edj5VSvvL/assets/Button-DTTUV_zW.js
[90m│[39m  1.35 kB │ gzip:   0.66 kB
[90m│[39m  ../../../../Users/kings/AppData/Local/Temp/chromatic--4468-E55edj5VSvvL/assets/DocsRenderer-LL677BLK-DUiee4P0.js
[90m│[39m  1.40 kB │ gzip:   0.76 kB
[90m│[39m  ../../../../Users/kings/AppData/Local/Temp/chromatic--4468-E55edj5VSvvL/assets/Header-DYuqOffg.js
[90m│[39m  2.00 kB │ gzip:   0.86 kB
[90m│[39m  ../../../../Users/kings/AppData/Local/Temp/chromatic--4468-E55edj5VSvvL/assets/react-dom-BEs9BBka.js
[90m│[39m  3.57 kB │ gzip:   1.35 kB
[90m│[39m  ../../../../Users/kings/AppData/Local/Temp/chromatic--4468-E55edj5VSvvL/assets/Page.stories-CEFG6DmY.js
[90m│[39m  3.62 kB │ gzip:   1.58 kB
[90m│[39m  ../../../../Users/kings/AppData/Local/Temp/chromatic--4468-E55edj5VSvvL/assets/chunk-3LY4VQVK-Crd2gXsh.js
[90m│[39m  4.03 kB │ gzip:   1.70 kB
[90m│[39m  ../../../../Users/kings/AppData/Local/Temp/chromatic--4468-E55edj5VSvvL/assets/chunk-RD3KTAHR-D2wagFr5.js
[90m│[39m  20.74 kB │ gzip:   6.93 kB
[90m│[39m  ../../../../Users/kings/AppData/Local/Temp/chromatic--4468-E55edj5VSvvL/assets/Configure-Dg4HYpe5.js
[90m│[39m  26.89 kB │ gzip:  11.31 kB
[90m│[39m  ../../../../Users/kings/AppData/Local/Temp/chromatic--4468-E55edj5VSvvL/vite-inject-mocker-entry.js
[90m│[39m  27.85 kB │ gzip:   9.64 kB
[90m│[39m  ../../../../Users/kings/AppData/Local/Temp/chromatic--4468-E55edj5VSvvL/assets/matchers-5TDFFDYO-Tz1cvHxp.js
[90m│[39m  28.81 kB │ gzip:   9.67 kB
[90m│[39m  ../../../../Users/kings/AppData/Local/Temp/chromatic--4468-E55edj5VSvvL/assets/Color-FRDS63T2-DsVeUF6Z.js
[90m│[39m  30.82 kB │ gzip:  11.55 kB
[90m│[39m  ../../../../Users/kings/AppData/Local/Temp/chromatic--4468-E55edj5VSvvL/assets/WithTooltip-65CFNBJE-BXlKtJxL.js
[90m│[39m  33.27 kB │ gzip:  11.68 kB
[90m│[39m  ../../../../Users/kings/AppData/Local/Temp/chromatic--4468-E55edj5VSvvL/assets/theming-BfBJraC4.js
[90m│[39m  55.34 kB │ gzip:  21.37 kB
[90m│[39m  ../../../../Users/kings/AppData/Local/Temp/chromatic--4468-E55edj5VSvvL/assets/chunk-KJHJLCBK-Df1srl0H.js
[90m│[39m  59.36 kB │ gzip:  17.04 kB
[90m│[39m  ../../../../Users/kings/AppData/Local/Temp/chromatic--4468-E55edj5VSvvL/assets/syntaxhighlighter-OH4MV7E3-BuAeyMGI.js
[90m│[39m  76.14 kB │ gzip:  27.38 kB
[90m│[39m  ../../../../Users/kings/AppData/Local/Temp/chromatic--4468-E55edj5VSvvL/assets/react-18-tNFl2AKY.js
[90m│[39m  179.11 kB │ gzip:  56.68 kB
[90m│[39m  ../../../../Users/kings/AppData/Local/Temp/chromatic--4468-E55edj5VSvvL/assets/blocks-Dlj-lCMd.js
[90m│[39m  182.54 kB │ gzip:  57.88 kB
[90m│[39m  ../../../../Users/kings/AppData/Local/Temp/chromatic--4468-E55edj5VSvvL/assets/components-DvIb-_4g.js
[90m│[39m  543.95 kB │ gzip: 173.10 kB
[90m│[39m  ../../../../Users/kings/AppData/Local/Temp/chromatic--4468-E55edj5VSvvL/assets/axe-Dk2CpB-v.js
[90m│[39m  571.03 kB │ gzip: 155.75 kB
[90m│[39m  ../../../../Users/kings/AppData/Local/Temp/chromatic--4468-E55edj5VSvvL/assets/iframe-C8O8w77N.js
[90m│[39m  1,027.38 kB │ gzip: 290.62 kB

[90m│[39m  [43mVite[49m [32m✓ built in 17.20s[39m
[90m│[39m
[33m▲[39m  [43mVite[49m [33m[plugin builtin:vite-reporter]
[90m│[39m  (!) Some chunks are larger than 500 kB after minification. Consider:
[90m│[39m  - Using dynamic import() to code-split the application
[90m│[39m  - Use build.rolldownOptions.output.codeSplitting to improve chunking:
[90m│[39m  ]8;;https://rolldown.rs/reference/OutputOptions.codeSplittinghttps://rolldown.rs/reference/OutputOptions.codeSplitting]8;;
[90m│[39m  - Adjust chunk size limit for this warning via
[90m│[39m  build.chunkSizeWarningLimit.[39m
[90m│[39m
[32m◇[39m  Output directory:
[90m│[39m  C:/Users/kings/AppData/Local/Temp/chromatic--4468-E55edj5VSvvL
[90m│[39m
[90m└[39m  Storybook build completed successfully

